[ajax.googleapis.com/ajax/libs/jquery/3.2.1/jquery.min.js]
[www.w3schools.com/w3css/4/w3.css]
[maxcdn.bootstrapcdn.com/bootstrap/3.3.7/js/bootstrap.min.js]
[cdnjs.cloudflare.com/ajax/libs/font-awesome/4.7.0/css/font-awesome.min.css]
[backblue.gif]
[fade.gif]
[index.html]
[upload.wikimedia.org/wikipedia/commons/b/bd/Emmanuel_College_Front_Court,_Cambridge,_UK_-_Diliff.jpg]
[localhost_2786/rbsmtc/images/logo2.png]
[translate.google.com/translate_a/element.16a0d8.delayed]
[localhost_2786/rbsmtc/images/san.jpg]
[localhost_2786/rbsmtc/images/1.jpg]
[localhost_2786/rbsmtc/images/f.jpg]
[localhost_2786/rbsmtc/images/f2.jpg]
[localhost_2786/rbsmtc/images/f1.jpg]
[localhost_2786/rbsmtc/images/birds1.jpg]
[localhost_2786/rbsmtc/images/sss.jpg]
[www.counter12.com/img-0b530Z24y7aa39dc-24.gif]
[localhost_2786/rbsmtc/index.html]
[localhost_2786/rbsmtc/index.css]
[cdnjs.cloudflare.com/ajax/libs/font-awesome/4.7.0/css/font-awesome.min.css]
[www.w3schools.com/w3css/4/w3.css]
[localhost_2786/rbsmtc/[favicon.ico](http_/www.sitepoint.com/forums/view-source_http_/www.pmob.co.uk/favicon.html]
[localhost_2786/rbsmtc/index-2.html]
[localhost_2786/rbsmtc/ADDMISSION.html]
[localhost_2786/rbsmtc/fee.html]
[localhost_2786/rbsmtc/Scholarships.html]
[localhost_2786/rbsmtc/show.html]
[localhost_2786/rbsmtc/placement.html]
[localhost_2786/rbsmtc/campus.html]
[localhost_2786/rbsmtc/result.html]
[localhost_2786/rbsmtc/COMPLAINTS.html]
[localhost_2786/rbsmtc/alumini.html]
[localhost_2786/rbsmtc/note.html]
[localhost_2786/rbsmtc/register.html]
[localhost_2786/rbsmtc/img/A9.png]
[localhost_2786/rbsmtc/login.html]
[translate.google.com/translate_a/elementa0d8.html]
[localhost_2786/rbsmtc/images/s1.html]
[ajax.googleapis.com/ajax/libs/jquery/3.2.1/jquery.min.js]
[www.counter12.com/adc19c.js]
[maxcdn.bootstrapcdn.com/bootstrap/3.3.7/css/bootstrap.min.css]
[maxcdn.bootstrapcdn.com/bootstrap/3.3.7/css/bootstrap.min.css]
[ajax.googleapis.com/ajax/libs/jquery/3.2.1/jquery.min.js]
